<?xml version="1.0" encoding="utf-8"?><testsuites name="pytest tests"><testsuite name="pytest" errors="0" failures="0" skipped="0" tests="13" time="6.175" timestamp="2026-02-25T14:32:53.307470+00:00" hostname="agent-env-0bec7425-6663-42c9-9310-0206915e5175"><testcase classname="tests.test_phase1_time_tracking.TestTimerPauseResume" name="test_start_timer_success" time="1.135" /><testcase classname="tests.test_phase1_time_tracking.TestTimerPauseResume" name="test_get_active_timer" time="0.296" /><testcase classname="tests.test_phase1_time_tracking.TestTimerPauseResume" name="test_pause_timer" time="1.327" /><testcase classname="tests.test_phase1_time_tracking.TestTimerPauseResume" name="test_pause_already_paused_timer" time="0.364" /><testcase classname="tests.test_phase1_time_tracking.TestTimerPauseResume" name="test_resume_timer" time="0.443" /><testcase classname="tests.test_phase1_time_tracking.TestTimerPauseResume" name="test_resume_non_paused_timer" time="0.279" /><testcase classname="tests.test_phase1_time_tracking.TestTimerPauseResume" name="test_stop_timer_with_billable" time="1.256" /><testcase classname="tests.test_phase1_time_tracking.TestTimeLogEditDelete" name="test_create_time_log" time="0.101" /><testcase classname="tests.test_phase1_time_tracking.TestTimeLogEditDelete" name="test_update_time_log" time="0.166" /><testcase classname="tests.test_phase1_time_tracking.TestTimeLogEditDelete" name="test_delete_time_log" time="0.215" /><testcase classname="tests.test_phase1_time_tracking.TestTimeLogEditDelete" name="test_delete_nonexistent_time_log" time="0.074" /><testcase classname="tests.test_phase1_time_tracking.TestTaskWithSubtasks" name="test_create_task_with_parent" time="0.233" /><testcase classname="tests.test_phase1_time_tracking.TestTaskWithSubtasks" name="test_get_task_with_subtask_details" time="0.217" /></testsuite></testsuites>