<?xml version="1.0" encoding="utf-8"?><testsuites name="pytest tests"><testsuite name="pytest" errors="0" failures="1" skipped="3" tests="21" time="17.343" timestamp="2026-02-23T18:04:39.347193+00:00" hostname="agent-env-61bea386-74f8-4150-b72a-fe263fea18d6"><testcase classname="tests.test_api_v2.TestAuthEndpoints" name="test_auth_me_returns_user" time="1.290" /><testcase classname="tests.test_api_v2.TestProposalEndpoints" name="test_create_proposal_with_new_fields" time="0.658"><failure message="AssertionError: Category should be 'Commercial', got None&#10;assert None == 'Commercial'&#10; +  where None = &lt;built-in method get of dict object at 0xfaca95693800&gt;('category')&#10; +    where &lt;built-in method get of dict object at 0xfaca95693800&gt; = {'amount': 25000.0, 'approval_status': None, 'approved_by': [], 'approver_comments': None, ...}.get">tests/test_api_v2.py:56: in test_create_proposal_with_new_fields
    assert data.get("category") == "Commercial", f"Category should be 'Commercial', got {data.get('category')}"
E   AssertionError: Category should be 'Commercial', got None
E   assert None == 'Commercial'
E    +  where None = &lt;built-in method get of dict object at 0xfaca95693800&gt;('category')
E    +    where &lt;built-in method get of dict object at 0xfaca95693800&gt; = {'amount': 25000.0, 'approval_status': None, 'approved_by': [], 'approver_comments': None, ...}.get</failure></testcase><testcase classname="tests.test_api_v2.TestProposalEndpoints" name="test_get_proposals_list" time="0.654" /><testcase classname="tests.test_api_v2.TestProposalEndpoints" name="test_get_proposal_detail" time="0.000"><skipped type="pytest.skip" message="No proposal created to test detail">/app/backend/tests/test_api_v2.py:72: No proposal created to test detail</skipped></testcase><testcase classname="tests.test_api_v2.TestProposalEndpoints" name="test_update_proposal" time="0.000"><skipped type="pytest.skip" message="No proposal created to update">/app/backend/tests/test_api_v2.py:87: No proposal created to update</skipped></testcase><testcase classname="tests.test_api_v2.TestProposalEndpoints" name="test_approve_proposal" time="0.000"><skipped type="pytest.skip" message="No proposal created to approve">/app/backend/tests/test_api_v2.py:110: No proposal created to approve</skipped></testcase><testcase classname="tests.test_api_v2.TestProjectEndpoints" name="test_create_project" time="0.666" /><testcase classname="tests.test_api_v2.TestProjectEndpoints" name="test_get_projects_list" time="0.663" /><testcase classname="tests.test_api_v2.TestProjectEndpoints" name="test_get_project_detail" time="0.651" /><testcase classname="tests.test_api_v2.TestProjectEndpoints" name="test_get_project_stats" time="0.649" /><testcase classname="tests.test_api_v2.TestTaskEndpoints" name="test_create_task_within_project" time="0.667" /><testcase classname="tests.test_api_v2.TestTaskEndpoints" name="test_get_tasks_by_project" time="0.661" /><testcase classname="tests.test_api_v2.TestTaskEndpoints" name="test_change_task_status" time="1.322" /><testcase classname="tests.test_api_v2.TestTaskEndpoints" name="test_add_comment_to_task" time="1.328" /><testcase classname="tests.test_api_v2.TestDashboardEndpoints" name="test_get_my_tasks" time="0.712" /><testcase classname="tests.test_api_v2.TestDashboardEndpoints" name="test_get_team_tasks" time="0.698" /><testcase classname="tests.test_api_v2.TestProposalWorkflow" name="test_create_workflow_proposal" time="0.660" /><testcase classname="tests.test_api_v2.TestProposalWorkflow" name="test_send_for_internal_approval" time="1.991" /><testcase classname="tests.test_api_v2.TestProposalWorkflow" name="test_approve_internal" time="1.302" /><testcase classname="tests.test_api_v2.TestProposalWorkflow" name="test_manual_approval" time="1.352" /><testcase classname="tests.test_api_v2.TestProposalWorkflow" name="test_convert_to_project" time="1.317" /></testsuite></testsuites>