<?xml version="1.0" encoding="utf-8"?><testsuites name="pytest tests"><testsuite name="pytest" errors="0" failures="1" skipped="0" tests="29" time="4.877" timestamp="2026-02-25T10:03:53.964237+00:00" hostname="agent-env-61bea386-74f8-4150-b72a-fe263fea18d6"><testcase classname="backend.tests.test_api_v4.TestProposalActions" name="test_01_create_proposal" time="0.546" /><testcase classname="backend.tests.test_api_v4.TestProposalActions" name="test_02_send_for_approval" time="0.157" /><testcase classname="backend.tests.test_api_v4.TestProposalActions" name="test_03_pending_approvals_endpoint" time="0.279" /><testcase classname="backend.tests.test_api_v4.TestProposalActions" name="test_04_approve_internal" time="0.172" /><testcase classname="backend.tests.test_api_v4.TestProposalActions" name="test_05_send_to_client" time="0.126" /><testcase classname="backend.tests.test_api_v4.TestProposalActions" name="test_06_confirm_proposal" time="0.214" /><testcase classname="backend.tests.test_api_v4.TestProposalActions" name="test_07_convert_to_project" time="0.078"><failure message="AssertionError: Failed to convert: {&quot;detail&quot;:&quot;Proposal must be approved or signed first&quot;}&#10;assert 400 == 200&#10; +  where 400 = &lt;Response [400]&gt;.status_code">backend/tests/test_api_v4.py:140: in test_07_convert_to_project
    assert response.status_code == 200, f"Failed to convert: {response.text}"
E   AssertionError: Failed to convert: {"detail":"Proposal must be approved or signed first"}
E   assert 400 == 200
E    +  where 400 = &lt;Response [400]&gt;.status_code</failure></testcase><testcase classname="backend.tests.test_api_v4.TestProposalActions" name="test_08_delete_proposal" time="0.261" /><testcase classname="backend.tests.test_api_v4.TestProjectCRUD" name="test_01_create_project_for_delete" time="0.059" /><testcase classname="backend.tests.test_api_v4.TestProjectCRUD" name="test_02_create_tasks_for_project" time="0.134" /><testcase classname="backend.tests.test_api_v4.TestProjectCRUD" name="test_03_edit_project" time="0.164" /><testcase classname="backend.tests.test_api_v4.TestProjectCRUD" name="test_04_delete_project_cascading" time="0.223" /><testcase classname="backend.tests.test_api_v4.TestTaskCRUD" name="test_01_create_project_and_tasks" time="0.319" /><testcase classname="backend.tests.test_api_v4.TestTaskCRUD" name="test_02_verify_subtasks_linked" time="0.122" /><testcase classname="backend.tests.test_api_v4.TestTaskCRUD" name="test_03_delete_task_cascading" time="0.289" /><testcase classname="backend.tests.test_api_v4.TestTaskCRUD" name="test_04_cleanup_project" time="0.063" /><testcase classname="backend.tests.test_api_v4.TestTasksPageFilters" name="test_01_setup_test_data" time="0.351" /><testcase classname="backend.tests.test_api_v4.TestTasksPageFilters" name="test_02_filter_by_project" time="0.086" /><testcase classname="backend.tests.test_api_v4.TestTasksPageFilters" name="test_03_get_all_tasks" time="0.061" /><testcase classname="backend.tests.test_api_v4.TestTasksPageFilters" name="test_04_cleanup" time="0.066" /><testcase classname="backend.tests.test_api_v4.TestDashboardPendingItems" name="test_01_create_task_for_review" time="0.264" /><testcase classname="backend.tests.test_api_v4.TestDashboardPendingItems" name="test_02_pending_reviews_endpoint" time="0.087" /><testcase classname="backend.tests.test_api_v4.TestDashboardPendingItems" name="test_03_cleanup" time="0.068" /><testcase classname="backend.tests.test_api_v4.TestGlobalTimerAPI" name="test_01_setup_task" time="0.178" /><testcase classname="backend.tests.test_api_v4.TestGlobalTimerAPI" name="test_02_timer_start" time="0.145" /><testcase classname="backend.tests.test_api_v4.TestGlobalTimerAPI" name="test_03_timer_active_endpoint" time="0.064" /><testcase classname="backend.tests.test_api_v4.TestGlobalTimerAPI" name="test_04_timer_stop_with_billable" time="0.067" /><testcase classname="backend.tests.test_api_v4.TestGlobalTimerAPI" name="test_05_timer_not_active" time="0.058" /><testcase classname="backend.tests.test_api_v4.TestGlobalTimerAPI" name="test_06_cleanup" time="0.065" /></testsuite></testsuites>