<?xml version="1.0" encoding="utf-8"?><testsuites name="pytest tests"><testsuite name="pytest" errors="0" failures="0" skipped="0" tests="21" time="19.710" timestamp="2026-02-23T18:05:23.223577+00:00" hostname="agent-env-61bea386-74f8-4150-b72a-fe263fea18d6"><testcase classname="tests.test_api_v2.TestAuthEndpoints" name="test_auth_me_returns_user" time="0.947" /><testcase classname="tests.test_api_v2.TestProposalEndpoints" name="test_create_proposal_with_new_fields" time="0.652" /><testcase classname="tests.test_api_v2.TestProposalEndpoints" name="test_get_proposals_list" time="0.644" /><testcase classname="tests.test_api_v2.TestProposalEndpoints" name="test_get_proposal_detail" time="0.634" /><testcase classname="tests.test_api_v2.TestProposalEndpoints" name="test_update_proposal" time="1.290" /><testcase classname="tests.test_api_v2.TestProposalEndpoints" name="test_approve_proposal" time="1.273" /><testcase classname="tests.test_api_v2.TestProjectEndpoints" name="test_create_project" time="0.633" /><testcase classname="tests.test_api_v2.TestProjectEndpoints" name="test_get_projects_list" time="0.634" /><testcase classname="tests.test_api_v2.TestProjectEndpoints" name="test_get_project_detail" time="0.646" /><testcase classname="tests.test_api_v2.TestProjectEndpoints" name="test_get_project_stats" time="0.633" /><testcase classname="tests.test_api_v2.TestTaskEndpoints" name="test_create_task_within_project" time="0.646" /><testcase classname="tests.test_api_v2.TestTaskEndpoints" name="test_get_tasks_by_project" time="0.632" /><testcase classname="tests.test_api_v2.TestTaskEndpoints" name="test_change_task_status" time="1.295" /><testcase classname="tests.test_api_v2.TestTaskEndpoints" name="test_add_comment_to_task" time="1.293" /><testcase classname="tests.test_api_v2.TestDashboardEndpoints" name="test_get_my_tasks" time="0.641" /><testcase classname="tests.test_api_v2.TestDashboardEndpoints" name="test_get_team_tasks" time="0.686" /><testcase classname="tests.test_api_v2.TestProposalWorkflow" name="test_create_workflow_proposal" time="0.639" /><testcase classname="tests.test_api_v2.TestProposalWorkflow" name="test_send_for_internal_approval" time="1.927" /><testcase classname="tests.test_api_v2.TestProposalWorkflow" name="test_approve_internal" time="1.301" /><testcase classname="tests.test_api_v2.TestProposalWorkflow" name="test_manual_approval" time="1.323" /><testcase classname="tests.test_api_v2.TestProposalWorkflow" name="test_convert_to_project" time="1.283" /></testsuite></testsuites>