<?xml version="1.0" encoding="utf-8"?><testsuites name="pytest tests"><testsuite name="pytest" errors="0" failures="0" skipped="0" tests="12" time="5.462" timestamp="2026-02-25T14:48:28.606399+00:00" hostname="agent-env-0bec7425-6663-42c9-9310-0206915e5175"><testcase classname="backend.tests.test_rbac_features.TestRolesEndpoint" name="test_get_roles_returns_all_roles" time="0.312" /><testcase classname="backend.tests.test_rbac_features.TestRolesEndpoint" name="test_roles_sorted_by_level_descending" time="0.073" /><testcase classname="backend.tests.test_rbac_features.TestUserPermissionsEndpoint" name="test_get_user_permissions_returns_current_user_permissions" time="0.086" /><testcase classname="backend.tests.test_rbac_features.TestUserPermissionsEndpoint" name="test_permissions_without_auth_returns_401" time="0.115" /><testcase classname="backend.tests.test_rbac_features.TestDeleteTeamMember" name="test_admin_can_delete_team_member" time="0.076" /><testcase classname="backend.tests.test_rbac_features.TestDeleteTeamMember" name="test_cannot_delete_nonexistent_user" time="0.064" /><testcase classname="backend.tests.test_rbac_features.TestTasksFilteredByRole" name="test_admin_can_see_all_tasks" time="0.461" /><testcase classname="backend.tests.test_rbac_features.TestTeamMemberRoleUpdate" name="test_admin_can_update_team_member_role" time="0.263" /><testcase classname="backend.tests.test_rbac_features.TestTimerPauseResume" name="test_timer_pause_resume_flow" time="2.079" /><testcase classname="backend.tests.test_rbac_features.TestTimeLogEditDelete" name="test_edit_time_log" time="0.661" /><testcase classname="backend.tests.test_rbac_features.TestTimeLogEditDelete" name="test_delete_time_log" time="0.690" /><testcase classname="backend.tests.test_rbac_features.TestTaskCreationWithAutoSubtasks" name="test_create_task_as_subtask_of_existing_task" time="0.498" /></testsuite></testsuites>