<?xml version="1.0" encoding="utf-8"?><testsuites name="pytest tests"><testsuite name="pytest" errors="0" failures="0" skipped="0" tests="13" time="9.441" timestamp="2026-02-25T10:47:05.646172+00:00" hostname="agent-env-0bec7425-6663-42c9-9310-0206915e5175"><testcase classname="tests.test_pdf_exports.TestHealthAndAuth" name="test_auth_me" time="0.910" /><testcase classname="tests.test_pdf_exports.TestPDFExportEndpoints" name="test_export_projects_pdf" time="0.949" /><testcase classname="tests.test_pdf_exports.TestPDFExportEndpoints" name="test_export_tasks_pdf" time="0.682" /><testcase classname="tests.test_pdf_exports.TestPDFExportEndpoints" name="test_export_time_logs_pdf" time="0.686" /><testcase classname="tests.test_pdf_exports.TestPDFExportEndpoints" name="test_export_team_productivity_pdf" time="0.710" /><testcase classname="tests.test_pdf_exports.TestPDFExportEndpoints" name="test_export_overview_pdf" time="0.685" /><testcase classname="tests.test_pdf_exports.TestCSVExportEndpoints" name="test_export_projects_csv" time="0.667" /><testcase classname="tests.test_pdf_exports.TestCSVExportEndpoints" name="test_export_tasks_csv" time="0.681" /><testcase classname="tests.test_pdf_exports.TestCSVExportEndpoints" name="test_export_time_logs_csv" time="0.670" /><testcase classname="tests.test_pdf_exports.TestCSVExportEndpoints" name="test_export_team_productivity_csv" time="0.663" /><testcase classname="tests.test_pdf_exports.TestReportsEndpoints" name="test_reports_overview" time="0.685" /><testcase classname="tests.test_pdf_exports.TestReportsEndpoints" name="test_reports_project_performance" time="0.701" /><testcase classname="tests.test_pdf_exports.TestReportsEndpoints" name="test_reports_team_productivity" time="0.681" /></testsuite></testsuites>