<?xml version="1.0" encoding="utf-8"?><testsuites name="pytest tests"><testsuite name="pytest" errors="0" failures="0" skipped="0" tests="9" time="13.119" timestamp="2026-02-25T18:30:12.793337+00:00" hostname="agent-env-dccd15e6-2e0f-4186-8673-8ad6c110a27f"><testcase classname="tests.test_advantedge360_features.TestAuthEndpoint" name="test_auth_me_returns_user" time="0.954" /><testcase classname="tests.test_advantedge360_features.TestCompanyOverviewEndpoint" name="test_create_company_for_overview" time="0.957" /><testcase classname="tests.test_advantedge360_features.TestCompanyOverviewEndpoint" name="test_create_project_for_company" time="0.692" /><testcase classname="tests.test_advantedge360_features.TestCompanyOverviewEndpoint" name="test_company_overview_endpoint" time="0.694" /><testcase classname="tests.test_advantedge360_features.TestInternalTasks" name="test_create_internal_task" time="0.662" /><testcase classname="tests.test_advantedge360_features.TestInternalTasks" name="test_create_project_task" time="0.678" /><testcase classname="tests.test_advantedge360_features.TestTaskStatusAssigned" name="test_update_task_status_to_assigned" time="1.415" /><testcase classname="tests.test_advantedge360_features.TestTaskStatusAssigned" name="test_task_status_cycle" time="4.208" /><testcase classname="tests.test_advantedge360_features.TestCleanup" name="test_cleanup_test_data" time="2.736" /></testsuite></testsuites>