<?xml version="1.0" encoding="utf-8"?><testsuites name="pytest tests"><testsuite name="pytest" errors="0" failures="0" skipped="0" tests="25" time="19.875" timestamp="2026-02-25T17:28:57.984134+00:00" hostname="agent-env-4096f24a-b28f-4cf0-8a3f-535202203f3c"><testcase classname="backend.tests.test_leave_reimbursement_features.TestPublicHolidaysCRUD" name="test_create_public_holiday" time="0.914" /><testcase classname="backend.tests.test_leave_reimbursement_features.TestPublicHolidaysCRUD" name="test_get_public_holidays" time="1.001" /><testcase classname="backend.tests.test_leave_reimbursement_features.TestPublicHolidaysCRUD" name="test_update_public_holiday" time="0.667" /><testcase classname="backend.tests.test_leave_reimbursement_features.TestPublicHolidaysCRUD" name="test_delete_public_holiday" time="0.685" /><testcase classname="backend.tests.test_leave_reimbursement_features.TestLeaveAccrualPolicies" name="test_create_leave_accrual_policy" time="0.683" /><testcase classname="backend.tests.test_leave_reimbursement_features.TestLeaveAccrualPolicies" name="test_get_leave_accrual_policies" time="0.809" /><testcase classname="backend.tests.test_leave_reimbursement_features.TestLeaveAccrualPolicies" name="test_update_leave_accrual_policy" time="0.865" /><testcase classname="backend.tests.test_leave_reimbursement_features.TestLeaveAccrualPolicies" name="test_delete_leave_accrual_policy" time="0.700" /><testcase classname="backend.tests.test_leave_reimbursement_features.TestLeaveBalances" name="test_get_leave_balances" time="0.694" /><testcase classname="backend.tests.test_leave_reimbursement_features.TestReimbursementWithFileUpload" name="test_get_projects_for_reimbursement" time="0.668" /><testcase classname="backend.tests.test_leave_reimbursement_features.TestReimbursementWithFileUpload" name="test_create_internal_reimbursement" time="1.250" /><testcase classname="backend.tests.test_leave_reimbursement_features.TestReimbursementWithFileUpload" name="test_create_project_reimbursement" time="0.672" /><testcase classname="backend.tests.test_leave_reimbursement_features.TestReimbursementWithFileUpload" name="test_upload_receipt_png" time="0.667" /><testcase classname="backend.tests.test_leave_reimbursement_features.TestReimbursementWithFileUpload" name="test_upload_receipt_wrong_type_rejected" time="0.673" /><testcase classname="backend.tests.test_leave_reimbursement_features.TestReimbursementWithFileUpload" name="test_get_reimbursements" time="0.824" /><testcase classname="backend.tests.test_leave_reimbursement_features.TestReimbursementWithFileUpload" name="test_approve_reimbursement" time="0.687" /><testcase classname="backend.tests.test_leave_reimbursement_features.TestFeeStructureBulkActions" name="test_get_project_for_fee_structure" time="0.668" /><testcase classname="backend.tests.test_leave_reimbursement_features.TestFeeStructureBulkActions" name="test_create_fee_structure_items" time="1.322" /><testcase classname="backend.tests.test_leave_reimbursement_features.TestFeeStructureBulkActions" name="test_get_fee_structure" time="0.686" /><testcase classname="backend.tests.test_leave_reimbursement_features.TestFeeStructureBulkActions" name="test_bulk_update_fee_items" time="1.354" /><testcase classname="backend.tests.test_leave_reimbursement_features.TestLeaveApplicationsWorkflow" name="test_create_leave_application" time="0.697" /><testcase classname="backend.tests.test_leave_reimbursement_features.TestLeaveApplicationsWorkflow" name="test_get_leave_applications" time="0.686" /><testcase classname="backend.tests.test_leave_reimbursement_features.TestCurrencyFormat" name="test_reimbursement_amount_is_numeric" time="0.697" /><testcase classname="backend.tests.test_leave_reimbursement_features.TestEmailNotifications" name="test_email_notifications_stored" time="0.400" /><testcase classname="backend.tests.test_leave_reimbursement_features.TestCleanup" name="test_cleanup_test_data" time="0.416" /></testsuite></testsuites>