<?xml version="1.0" encoding="utf-8"?><testsuites name="pytest tests"><testsuite name="pytest" errors="0" failures="0" skipped="0" tests="22" time="27.300" timestamp="2026-02-25T16:32:50.597866+00:00" hostname="agent-env-4096f24a-b28f-4cf0-8a3f-535202203f3c"><testcase classname="backend.tests.test_finance_phase_d.TestFeeStructureCRUD" name="test_get_fee_structure_empty" time="2.189" /><testcase classname="backend.tests.test_finance_phase_d.TestFeeStructureCRUD" name="test_create_fee_structure_item" time="2.107" /><testcase classname="backend.tests.test_finance_phase_d.TestFeeStructureCRUD" name="test_update_fee_structure_item" time="2.125" /><testcase classname="backend.tests.test_finance_phase_d.TestFeeStructureCRUD" name="test_delete_fee_structure_item" time="2.700" /><testcase classname="backend.tests.test_finance_phase_d.TestTeamSalaryCRUD" name="test_get_team_salaries" time="1.409" /><testcase classname="backend.tests.test_finance_phase_d.TestTeamSalaryCRUD" name="test_create_team_salary" time="1.461" /><testcase classname="backend.tests.test_finance_phase_d.TestTeamSalaryCRUD" name="test_update_team_salary" time="2.042" /><testcase classname="backend.tests.test_finance_phase_d.TestCashFlowExpensesCRUD" name="test_get_cashflow_expenses" time="0.700" /><testcase classname="backend.tests.test_finance_phase_d.TestCashFlowExpensesCRUD" name="test_create_cashflow_expense" time="0.682" /><testcase classname="backend.tests.test_finance_phase_d.TestCashFlowExpensesCRUD" name="test_update_cashflow_expense" time="1.349" /><testcase classname="backend.tests.test_finance_phase_d.TestCashFlowExpensesCRUD" name="test_delete_cashflow_expense" time="1.444" /><testcase classname="backend.tests.test_finance_phase_d.TestLeavesAndReimbursements" name="test_get_leaves" time="0.689" /><testcase classname="backend.tests.test_finance_phase_d.TestLeavesAndReimbursements" name="test_get_reimbursements" time="0.659" /><testcase classname="backend.tests.test_finance_phase_d.TestLeavesAndReimbursements" name="test_create_leave_application" time="0.673" /><testcase classname="backend.tests.test_finance_phase_d.TestLeavesAndReimbursements" name="test_create_reimbursement" time="0.706" /><testcase classname="backend.tests.test_finance_phase_d.TestClientsCompanyEndpoints" name="test_get_companies" time="0.676" /><testcase classname="backend.tests.test_finance_phase_d.TestClientsCompanyEndpoints" name="test_create_company_with_gst_pan" time="0.683" /><testcase classname="backend.tests.test_finance_phase_d.TestClientsCompanyEndpoints" name="test_update_company" time="1.417" /><testcase classname="backend.tests.test_finance_phase_d.TestClientsCompanyEndpoints" name="test_delete_company" time="1.371" /><testcase classname="backend.tests.test_finance_phase_d.TestClientsCompanyEndpoints" name="test_create_client_contact_with_gst_pan" time="0.698" /><testcase classname="backend.tests.test_finance_phase_d.TestDashboardEndpoints" name="test_get_my_tasks" time="0.690" /><testcase classname="backend.tests.test_finance_phase_d.TestDashboardEndpoints" name="test_get_team_tasks" time="0.703" /></testsuite></testsuites>