<?xml version="1.0" encoding="utf-8"?><testsuites name="pytest tests"><testsuite name="pytest" errors="0" failures="0" skipped="0" tests="29" time="3.313" timestamp="2026-02-25T08:17:48.043606+00:00" hostname="agent-env-61bea386-74f8-4150-b72a-fe263fea18d6"><testcase classname="backend.tests.test_api_v3.TestAuthEndpoints" name="test_auth_me_returns_user" time="0.683" /><testcase classname="backend.tests.test_api_v3.TestProposalVersioning" name="test_01_create_proposal_for_versioning" time="0.075" /><testcase classname="backend.tests.test_api_v3.TestProposalVersioning" name="test_02_update_proposal_creates_version" time="0.079" /><testcase classname="backend.tests.test_api_v3.TestProposalVersioning" name="test_03_get_version_history" time="0.075" /><testcase classname="backend.tests.test_api_v3.TestProposalVersioning" name="test_04_restore_previous_version" time="0.141" /><testcase classname="backend.tests.test_api_v3.TestTimerRoutes" name="test_01_create_project_for_timer" time="0.075" /><testcase classname="backend.tests.test_api_v3.TestTimerRoutes" name="test_02_create_task_for_timer" time="0.084" /><testcase classname="backend.tests.test_api_v3.TestTimerRoutes" name="test_03_get_active_timer_empty" time="0.072" /><testcase classname="backend.tests.test_api_v3.TestTimerRoutes" name="test_04_start_timer" time="0.080" /><testcase classname="backend.tests.test_api_v3.TestTimerRoutes" name="test_05_get_active_timer_running" time="0.076" /><testcase classname="backend.tests.test_api_v3.TestTimerRoutes" name="test_06_start_timer_fails_when_active" time="0.077" /><testcase classname="backend.tests.test_api_v3.TestTimerRoutes" name="test_07_stop_timer" time="0.051" /><testcase classname="backend.tests.test_api_v3.TestTimerRoutes" name="test_08_verify_time_logged_to_task" time="0.074" /><testcase classname="backend.tests.test_api_v3.TestTimerRoutes" name="test_09_timer_cancel" time="0.224" /><testcase classname="backend.tests.test_api_v3.TestCommentEditDelete" name="test_01_create_task_for_comments" time="0.072" /><testcase classname="backend.tests.test_api_v3.TestCommentEditDelete" name="test_02_add_comment" time="0.091" /><testcase classname="backend.tests.test_api_v3.TestCommentEditDelete" name="test_03_edit_comment" time="0.114" /><testcase classname="backend.tests.test_api_v3.TestCommentEditDelete" name="test_04_add_second_comment_for_delete" time="0.073" /><testcase classname="backend.tests.test_api_v3.TestCommentEditDelete" name="test_05_delete_comment" time="0.143" /><testcase classname="backend.tests.test_api_v3.TestSubtasks" name="test_01_create_parent_task" time="0.072" /><testcase classname="backend.tests.test_api_v3.TestSubtasks" name="test_02_create_subtask" time="0.071" /><testcase classname="backend.tests.test_api_v3.TestSubtasks" name="test_03_parent_has_subtask" time="0.076" /><testcase classname="backend.tests.test_api_v3.TestSubtasks" name="test_04_get_task_with_subtask_details" time="0.081" /><testcase classname="backend.tests.test_api_v3.TestReturnToOwner" name="test_01_create_task_for_review_flow" time="0.071" /><testcase classname="backend.tests.test_api_v3.TestReturnToOwner" name="test_02_change_task_to_in_progress" time="0.087" /><testcase classname="backend.tests.test_api_v3.TestReturnToOwner" name="test_03_send_task_for_review" time="0.181" /><testcase classname="backend.tests.test_api_v3.TestReturnToOwner" name="test_04_return_to_owner" time="0.151" /><testcase classname="backend.tests.test_api_v3.TestViewToggleSorting" name="test_proposals_list_has_version_field" time="0.029" /><testcase classname="backend.tests.test_api_v3.TestViewToggleSorting" name="test_projects_list_has_completion_percentage" time="0.031" /></testsuite></testsuites>