<?xml version="1.0" encoding="utf-8"?><testsuites name="pytest tests"><testsuite name="pytest" errors="0" failures="2" skipped="1" tests="25" time="19.749" timestamp="2026-02-25T17:27:54.898180+00:00" hostname="agent-env-4096f24a-b28f-4cf0-8a3f-535202203f3c"><testcase classname="backend.tests.test_leave_reimbursement_features.TestPublicHolidaysCRUD" name="test_create_public_holiday" time="1.262" /><testcase classname="backend.tests.test_leave_reimbursement_features.TestPublicHolidaysCRUD" name="test_get_public_holidays" time="0.892" /><testcase classname="backend.tests.test_leave_reimbursement_features.TestPublicHolidaysCRUD" name="test_update_public_holiday" time="0.774" /><testcase classname="backend.tests.test_leave_reimbursement_features.TestPublicHolidaysCRUD" name="test_delete_public_holiday" time="0.680" /><testcase classname="backend.tests.test_leave_reimbursement_features.TestLeaveAccrualPolicies" name="test_create_leave_accrual_policy" time="0.686" /><testcase classname="backend.tests.test_leave_reimbursement_features.TestLeaveAccrualPolicies" name="test_get_leave_accrual_policies" time="0.688" /><testcase classname="backend.tests.test_leave_reimbursement_features.TestLeaveAccrualPolicies" name="test_update_leave_accrual_policy" time="0.687" /><testcase classname="backend.tests.test_leave_reimbursement_features.TestLeaveAccrualPolicies" name="test_delete_leave_accrual_policy" time="0.732" /><testcase classname="backend.tests.test_leave_reimbursement_features.TestLeaveBalances" name="test_get_leave_balances" time="0.715" /><testcase classname="backend.tests.test_leave_reimbursement_features.TestReimbursementWithFileUpload" name="test_get_projects_for_reimbursement" time="0.768" /><testcase classname="backend.tests.test_leave_reimbursement_features.TestReimbursementWithFileUpload" name="test_create_internal_reimbursement" time="0.695"><failure message="KeyError: 'is_internal'">backend/tests/test_leave_reimbursement_features.py:222: in test_create_internal_reimbursement
    assert data["is_internal"] == True
           ^^^^^^^^^^^^^^^^^^^
E   KeyError: 'is_internal'</failure></testcase><testcase classname="backend.tests.test_leave_reimbursement_features.TestReimbursementWithFileUpload" name="test_create_project_reimbursement" time="0.663"><failure message="KeyError: 'is_internal'">backend/tests/test_leave_reimbursement_features.py:246: in test_create_project_reimbursement
    assert data["is_internal"] == False
           ^^^^^^^^^^^^^^^^^^^
E   KeyError: 'is_internal'</failure></testcase><testcase classname="backend.tests.test_leave_reimbursement_features.TestReimbursementWithFileUpload" name="test_upload_receipt_png" time="0.706" /><testcase classname="backend.tests.test_leave_reimbursement_features.TestReimbursementWithFileUpload" name="test_upload_receipt_wrong_type_rejected" time="0.666" /><testcase classname="backend.tests.test_leave_reimbursement_features.TestReimbursementWithFileUpload" name="test_get_reimbursements" time="0.965" /><testcase classname="backend.tests.test_leave_reimbursement_features.TestReimbursementWithFileUpload" name="test_approve_reimbursement" time="0.000"><skipped type="pytest.skip" message="No reimbursement to approve">/app/backend/tests/test_leave_reimbursement_features.py:296: No reimbursement to approve</skipped></testcase><testcase classname="backend.tests.test_leave_reimbursement_features.TestFeeStructureBulkActions" name="test_get_project_for_fee_structure" time="0.693" /><testcase classname="backend.tests.test_leave_reimbursement_features.TestFeeStructureBulkActions" name="test_create_fee_structure_items" time="1.368" /><testcase classname="backend.tests.test_leave_reimbursement_features.TestFeeStructureBulkActions" name="test_get_fee_structure" time="1.040" /><testcase classname="backend.tests.test_leave_reimbursement_features.TestFeeStructureBulkActions" name="test_bulk_update_fee_items" time="1.396" /><testcase classname="backend.tests.test_leave_reimbursement_features.TestLeaveApplicationsWorkflow" name="test_create_leave_application" time="0.697" /><testcase classname="backend.tests.test_leave_reimbursement_features.TestLeaveApplicationsWorkflow" name="test_get_leave_applications" time="0.728" /><testcase classname="backend.tests.test_leave_reimbursement_features.TestCurrencyFormat" name="test_reimbursement_amount_is_numeric" time="0.684" /><testcase classname="backend.tests.test_leave_reimbursement_features.TestEmailNotifications" name="test_email_notifications_stored" time="0.472" /><testcase classname="backend.tests.test_leave_reimbursement_features.TestCleanup" name="test_cleanup_test_data" time="0.438" /></testsuite></testsuites>