<?xml version="1.0" encoding="utf-8"?><testsuites name="pytest tests"><testsuite name="pytest" errors="0" failures="0" skipped="0" tests="14" time="27.126" timestamp="2026-02-25T19:14:50.216298+00:00" hostname="agent-env-dccd15e6-2e0f-4186-8673-8ad6c110a27f"><testcase classname="backend.tests.test_iteration17_features.TestRolesEndpoint" name="test_roles_endpoint_returns_only_four_roles" time="1.109" /><testcase classname="backend.tests.test_iteration17_features.TestRolesEndpoint" name="test_admin_role_has_correct_permissions" time="0.676" /><testcase classname="backend.tests.test_iteration17_features.TestRolesEndpoint" name="test_manager_role_has_correct_permissions" time="0.716" /><testcase classname="backend.tests.test_iteration17_features.TestRolesEndpoint" name="test_team_lead_cannot_invite" time="0.691" /><testcase classname="backend.tests.test_iteration17_features.TestRolesEndpoint" name="test_team_member_has_limited_permissions" time="0.905" /><testcase classname="backend.tests.test_iteration17_features.TestTeamInvitationWorkflow" name="test_create_invitation" time="0.724" /><testcase classname="backend.tests.test_iteration17_features.TestTeamInvitationWorkflow" name="test_get_invitations" time="0.686" /><testcase classname="backend.tests.test_iteration17_features.TestTeamInvitationWorkflow" name="test_duplicate_invitation_fails" time="0.715" /><testcase classname="backend.tests.test_iteration17_features.TestTeamInvitationWorkflow" name="test_cancel_invitation" time="2.293" /><testcase classname="backend.tests.test_iteration17_features.TestTeamInvitationWorkflow" name="test_create_invitation_with_valid_roles" time="0.691" /><testcase classname="backend.tests.test_iteration17_features.TestTeamInvitationWorkflow" name="test_create_invitation_with_invalid_role_fails" time="1.358" /><testcase classname="backend.tests.test_iteration17_features.TestDashboardTeamTasks" name="test_team_tasks_excludes_not_started" time="15.095" /><testcase classname="backend.tests.test_iteration17_features.TestUserPermissionsEndpoint" name="test_get_user_permissions" time="0.683" /><testcase classname="backend.tests.test_iteration17_features.TestTeamEndpoint" name="test_get_team_members" time="0.684" /></testsuite></testsuites>