<?xml version="1.0" encoding="utf-8"?><testsuites name="pytest tests"><testsuite name="pytest" errors="0" failures="0" skipped="0" tests="31" time="5.102" timestamp="2026-02-25T15:20:17.404347+00:00" hostname="agent-env-0bec7425-6663-42c9-9310-0206915e5175"><testcase classname="backend.tests.test_phase2_team_management.TestLeaveApplications" name="test_create_leave_application" time="0.310" /><testcase classname="backend.tests.test_phase2_team_management.TestLeaveApplications" name="test_get_leaves_list_admin" time="0.112" /><testcase classname="backend.tests.test_phase2_team_management.TestLeaveApplications" name="test_create_leave_sick_type" time="0.107" /><testcase classname="backend.tests.test_phase2_team_management.TestLeaveApplications" name="test_create_leave_wfh_type" time="0.101" /><testcase classname="backend.tests.test_phase2_team_management.TestLeaveApplications" name="test_approve_leave" time="0.150" /><testcase classname="backend.tests.test_phase2_team_management.TestLeaveApplications" name="test_reject_leave" time="0.270" /><testcase classname="backend.tests.test_phase2_team_management.TestLeaveApplications" name="test_delete_pending_leave" time="0.253" /><testcase classname="backend.tests.test_phase2_team_management.TestLeaveApplications" name="test_cannot_delete_others_leave" time="0.199" /><testcase classname="backend.tests.test_phase2_team_management.TestReimbursements" name="test_create_reimbursement_travel" time="0.091" /><testcase classname="backend.tests.test_phase2_team_management.TestReimbursements" name="test_create_reimbursement_equipment" time="0.081" /><testcase classname="backend.tests.test_phase2_team_management.TestReimbursements" name="test_get_reimbursements_list" time="0.086" /><testcase classname="backend.tests.test_phase2_team_management.TestReimbursements" name="test_approve_reimbursement" time="0.280" /><testcase classname="backend.tests.test_phase2_team_management.TestReimbursements" name="test_mark_reimbursement_paid" time="0.174" /><testcase classname="backend.tests.test_phase2_team_management.TestReimbursements" name="test_reject_reimbursement" time="0.237" /><testcase classname="backend.tests.test_phase2_team_management.TestReimbursements" name="test_delete_pending_reimbursement" time="0.206" /><testcase classname="backend.tests.test_phase2_team_management.TestPerformanceReviews" name="test_create_performance_review" time="0.077" /><testcase classname="backend.tests.test_phase2_team_management.TestPerformanceReviews" name="test_team_member_cannot_create_review" time="0.075" /><testcase classname="backend.tests.test_phase2_team_management.TestPerformanceReviews" name="test_get_performance_reviews" time="0.066" /><testcase classname="backend.tests.test_phase2_team_management.TestPerformanceReviews" name="test_submit_performance_review" time="0.153" /><testcase classname="backend.tests.test_phase2_team_management.TestPerformanceReviews" name="test_acknowledge_performance_review" time="0.149" /><testcase classname="backend.tests.test_phase2_team_management.TestPerformanceReviews" name="test_delete_performance_review_admin_only" time="0.228" /><testcase classname="backend.tests.test_phase2_team_management.TestOnboardingForms" name="test_create_onboarding_form" time="0.102" /><testcase classname="backend.tests.test_phase2_team_management.TestOnboardingForms" name="test_get_my_onboarding_form" time="0.100" /><testcase classname="backend.tests.test_phase2_team_management.TestOnboardingForms" name="test_update_onboarding_form" time="0.136" /><testcase classname="backend.tests.test_phase2_team_management.TestOnboardingForms" name="test_submit_onboarding_form" time="0.164" /><testcase classname="backend.tests.test_phase2_team_management.TestOnboardingForms" name="test_get_all_onboarding_forms_approvers" time="0.062" /><testcase classname="backend.tests.test_phase2_team_management.TestOnboardingForms" name="test_approve_onboarding_form" time="0.128" /><testcase classname="backend.tests.test_phase2_team_management.TestTeamRequestsPending" name="test_get_pending_team_requests_admin" time="0.068" /><testcase classname="backend.tests.test_phase2_team_management.TestTeamRequestsPending" name="test_team_member_cannot_access_pending_requests" time="0.071" /><testcase classname="backend.tests.test_phase2_team_management.TestLeaveTypeVariations" name="test_all_leave_types" time="0.360" /><testcase classname="backend.tests.test_phase2_team_management.TestReimbursementCategories" name="test_all_reimbursement_categories" time="0.403" /></testsuite></testsuites>