<?xml version="1.0" encoding="utf-8"?><testsuites name="pytest tests"><testsuite name="pytest" errors="0" failures="0" skipped="0" tests="10" time="9.036" timestamp="2026-02-25T18:55:46.428519+00:00" hostname="agent-env-dccd15e6-2e0f-4186-8673-8ad6c110a27f"><testcase classname="backend.tests.test_iteration16_features.TestRolesConfiguration" name="test_roles_endpoint_returns_correct_roles" time="0.946" /><testcase classname="backend.tests.test_iteration16_features.TestRolesConfiguration" name="test_team_lead_has_can_manage_team" time="0.890" /><testcase classname="backend.tests.test_iteration16_features.TestRolesConfiguration" name="test_admin_has_can_invite_team" time="0.690" /><testcase classname="backend.tests.test_iteration16_features.TestRolesConfiguration" name="test_manager_has_can_invite_team" time="0.730" /><testcase classname="backend.tests.test_iteration16_features.TestRolesConfiguration" name="test_team_lead_cannot_invite_team" time="0.681" /><testcase classname="backend.tests.test_iteration16_features.TestRolesConfiguration" name="test_finance_role_exists_with_correct_permissions" time="0.684" /><testcase classname="backend.tests.test_iteration16_features.TestDashboardTeamTasks" name="test_team_tasks_excludes_not_started_and_completed" time="0.686" /><testcase classname="backend.tests.test_iteration16_features.TestClientsEndpoint" name="test_clients_endpoint_accessible" time="0.962" /><testcase classname="backend.tests.test_iteration16_features.TestProposalsEndpoint" name="test_create_proposal_with_client_name" time="1.349" /><testcase classname="backend.tests.test_iteration16_features.TestProjectsEndpoint" name="test_create_project_with_budget" time="1.339" /></testsuite></testsuites>